<?xml version="1.0" encoding="UTF-8"?>
<!-- Generated by org.testng.reporters.JUnitReportReporter -->
<testsuite hostname="MOT-32183-L" failures="0" tests="5" name="investmotilaloswal.WebsiteTest" time="85.545" errors="1" timestamp="2025-02-13T18:40:28 IST" skipped="0">
  <testcase classname="investmotilaloswal.WebsiteTest" name="Global_Search_Results" time="82.345">
    <error message="Expected condition failed: waiting for element to be clickable: By.id: 143660 (tried for 10 second(s) with 500 milliseconds interval)
Build info: version: &#039;4.28.1&#039;, revision: &#039;73f5ad48a2&#039;
System info: os.name: &#039;Windows 10&#039;, os.arch: &#039;amd64&#039;, os.version: &#039;10.0&#039;, java.version: &#039;11.0.24&#039;
Driver info: org.openqa.selenium.chrome.ChromeDriver
Capabilities {acceptInsecureCerts: false, browserName: chrome, browserVersion: 133.0.6943.60, chrome: {chromedriverVersion: 133.0.6943.98 (da53563ceb66..., userDataDir: C:\Users\BHARAT~1\AppData\L...}, fedcm:accounts: true, goog:chromeOptions: {debuggerAddress: localhost:52992}, networkConnectionEnabled: false, pageLoadStrategy: normal, platformName: windows, proxy: Proxy(), se:cdp: ws://localhost:52992/devtoo..., se:cdpVersion: 133.0.6943.60, setWindowRect: true, strictFileInteractability: false, timeouts: {implicit: 0, pageLoad: 300000, script: 30000}, unhandledPromptBehavior: dismiss and notify, webauthn:extension:credBlob: true, webauthn:extension:largeBlob: true, webauthn:extension:minPinLength: true, webauthn:extension:prf: true, webauthn:virtualAuthenticators: true}
Session ID: 90ab2bee33c7f1a88255eba0dafff8ef" type="org.openqa.selenium.TimeoutException">
      <![CDATA[org.openqa.selenium.TimeoutException: Expected condition failed: waiting for element to be clickable: By.id: 143660 (tried for 10 second(s) with 500 milliseconds interval)
Build info: version: '4.28.1', revision: '73f5ad48a2'
System info: os.name: 'Windows 10', os.arch: 'amd64', os.version: '10.0', java.version: '11.0.24'
Driver info: org.openqa.selenium.chrome.ChromeDriver
Capabilities {acceptInsecureCerts: false, browserName: chrome, browserVersion: 133.0.6943.60, chrome: {chromedriverVersion: 133.0.6943.98 (da53563ceb66..., userDataDir: C:\Users\BHARAT~1\AppData\L...}, fedcm:accounts: true, goog:chromeOptions: {debuggerAddress: localhost:52992}, networkConnectionEnabled: false, pageLoadStrategy: normal, platformName: windows, proxy: Proxy(), se:cdp: ws://localhost:52992/devtoo..., se:cdpVersion: 133.0.6943.60, setWindowRect: true, strictFileInteractability: false, timeouts: {implicit: 0, pageLoad: 300000, script: 30000}, unhandledPromptBehavior: dismiss and notify, webauthn:extension:credBlob: true, webauthn:extension:largeBlob: true, webauthn:extension:minPinLength: true, webauthn:extension:prf: true, webauthn:virtualAuthenticators: true}
Session ID: 90ab2bee33c7f1a88255eba0dafff8ef
at org.openqa.selenium.support.ui.WebDriverWait.timeoutException(WebDriverWait.java:84)
at org.openqa.selenium.support.ui.FluentWait.until(FluentWait.java:228)
at investmotilaloswal.WebsiteTest.Global_Search_Results(WebsiteTest.java:105)
at java.base/jdk.internal.reflect.NativeMethodAccessorImpl.invoke0(Native Method)
at java.base/jdk.internal.reflect.NativeMethodAccessorImpl.invoke(NativeMethodAccessorImpl.java:62)
at java.base/jdk.internal.reflect.DelegatingMethodAccessorImpl.invoke(DelegatingMethodAccessorImpl.java:43)
at java.base/java.lang.reflect.Method.invoke(Method.java:566)
at org.testng.internal.MethodInvocationHelper.invokeMethod(MethodInvocationHelper.java:133)
at org.testng.internal.TestInvoker.invokeMethod(TestInvoker.java:598)
at org.testng.internal.TestInvoker.invokeTestMethod(TestInvoker.java:173)
at org.testng.internal.MethodRunner.runInSequence(MethodRunner.java:46)
at org.testng.internal.TestInvoker$MethodInvocationAgent.invoke(TestInvoker.java:824)
at org.testng.internal.TestInvoker.invokeTestMethods(TestInvoker.java:146)
at org.testng.internal.TestMethodWorker.invokeTestMethods(TestMethodWorker.java:146)
at org.testng.internal.TestMethodWorker.run(TestMethodWorker.java:128)
at java.base/java.util.ArrayList.forEach(ArrayList.java:1541)
at org.testng.TestRunner.privateRun(TestRunner.java:794)
at org.testng.TestRunner.run(TestRunner.java:596)
at org.testng.SuiteRunner.runTest(SuiteRunner.java:377)
at org.testng.SuiteRunner.runSequentially(SuiteRunner.java:371)
at org.testng.SuiteRunner.privateRun(SuiteRunner.java:332)
at org.testng.SuiteRunner.run(SuiteRunner.java:276)
at org.testng.SuiteRunnerWorker.runSuite(SuiteRunnerWorker.java:53)
at org.testng.SuiteRunnerWorker.run(SuiteRunnerWorker.java:96)
at org.testng.TestNG.runSuitesSequentially(TestNG.java:1212)
at org.testng.TestNG.runSuitesLocally(TestNG.java:1134)
at org.testng.TestNG.runSuites(TestNG.java:1063)
at org.testng.TestNG.run(TestNG.java:1031)
at org.testng.remote.AbstractRemoteTestNG.run(AbstractRemoteTestNG.java:115)
at org.testng.remote.RemoteTestNG.initAndRun(RemoteTestNG.java:293)
at org.testng.remote.RemoteTestNG.main(RemoteTestNG.java:91)
]]>
    </error>
  </testcase> <!-- Global_Search_Results -->
  <system-out>
    <![CDATA[<h3>Global_Search_Results</h3>
<table border='1' style='border-collapse: collapse; width: 75%; text-align: center;'>
<tr><th>Iteration Count</th><th>Time Taken (ms)</th><th>Status</th></tr>
<tr><td>1</td><td>742</td><td>Pass</td></tr>
<tr><td>2</td><td>669</td><td>Pass</td></tr>
<tr><td>3</td><td>672</td><td>Pass</td></tr>
<tr><td>4</td><td>681</td><td>Pass</td></tr>
<tr><td>5</td><td>1110</td><td>Pass</td></tr>
<tr><td>6</td><td>667</td><td>Pass</td></tr>
<tr><td>7</td><td>664</td><td>Pass</td></tr>
<tr><td>8</td><td>660</td><td>Pass</td></tr>
<tr><td>9</td><td>649</td><td>Pass</td></tr>
<tr><td>10</td><td>668</td><td>Pass</td></tr>
<tr><td>11</td><td>673</td><td>Pass</td></tr>
<tr><td>12</td><td>1118</td><td>Pass</td></tr>
<tr><td>13</td><td>666</td><td>Pass</td></tr>
<tr><td>14</td><td>672</td><td>Pass</td></tr>
<tr><td>15</td><td>671</td><td>Pass</td></tr>
<tr><td>16</td><td>673</td><td>Pass</td></tr>
<tr><td>17</td><td>674</td><td>Pass</td></tr>
<tr><td>18</td><td>656</td><td>Pass</td></tr>
<tr><td>19</td><td>660</td><td>Pass</td></tr>
<tr><td>20</td><td>736</td><td>Pass</td></tr>
<tr><td>21</td><td>670</td><td>Pass</td></tr>
<tr><td>22</td><td>686</td><td>Pass</td></tr>
<tr><td>23</td><td>684</td><td>Pass</td></tr>
<tr><td>24</td><td>669</td><td>Pass</td></tr>
<tr><td>25</td><td>687</td><td>Pass</td></tr>
<tr><td>26</td><td>661</td><td>Pass</td></tr>
<tr><td>27</td><td>654</td><td>Pass</td></tr>
<tr><td>28</td><td>653</td><td>Pass</td></tr>
<tr><td>29</td><td>685</td><td>Pass</td></tr>
<tr><td>30</td><td>741</td><td>Pass</td></tr>
<tr><td>31</td><td>655</td><td>Pass</td></tr>
<tr><td>32</td><td>668</td><td>Pass</td></tr>
<tr><td>33</td><td>1690</td><td>Pass</td></tr>
<tr><td>34</td><td>656</td><td>Pass</td></tr>
<tr><td>35</td><td>656</td><td>Pass</td></tr>
<tr><td>36</td><td>676</td><td>Pass</td></tr>
<tr><td>37</td><td>688</td><td>Pass</td></tr>]]>
  </system-out>
  <testcase classname="investmotilaloswal.WebsiteTest" name="Portfolio_Mutual_fund" time="0.952"/>
  <system-out>
    <![CDATA[<h3>Portfolio_Mutual_fund</h3>
<table border='1' style='border-collapse: collapse; width: 75%; text-align: center;'>
<tr><th>Iteration Count</th><th>Time Taken (ms)</th><th>Status</th></tr>
</table>]]>
  </system-out>
  <testcase classname="investmotilaloswal.WebsiteTest" name="Portfolio_Equity" time="0.974"/>
  <system-out>
    <![CDATA[<h3>Portfolio_Equity</h3>
<table border='1' style='border-collapse: collapse; width: 75%; text-align: center;'>
<tr><th>Iteration Count</th><th>Time Taken (ms)</th><th>Status</th></tr>
</table>]]>
  </system-out>
  <testcase classname="investmotilaloswal.WebsiteTest" name="All_Portfolio" time="0.297"/>
  <system-out>
    <![CDATA[<h3>All_Portfolio</h3>
<table border='1' style='border-collapse: collapse; width: 75%; text-align: center;'>
<tr><th>Iteration Count</th><th>Time Taken (ms)</th><th>Status</th></tr>
</table>]]>
  </system-out>
  <testcase classname="investmotilaloswal.WebsiteTest" name="Positions_all" time="0.977"/>
  <system-out>
    <![CDATA[<h3>Positions_all</h3>
<table border='1' style='border-collapse: collapse; width: 75%; text-align: center;'>
<tr><th>Iteration Count</th><th>Time Taken (ms)</th><th>Status</th></tr>
</table>]]>
  </system-out>
</testsuite> <!-- investmotilaloswal.WebsiteTest -->
